This is pdfTeX, Version 3.14159265-2.6-1.40.16 (TeX Live 2015) (preloaded format=pdflatex 2015.5.24)  14 SEP 2017 15:21
entering extended mode
 restricted \write18 enabled.
 file:line:error style messages enabled.
 %&-line parsing enabled.
**report_summer_2017.tex
(./report_summer_2017.tex
LaTeX2e <2015/01/01>
Babel <3.9l> and hyphenation patterns for 79 languages loaded.
(/usr/local/texlive/2015/texmf-dist/tex/latex/base/article.cls
Document Class: article 2014/09/29 v1.4h Standard LaTeX document class
(/usr/local/texlive/2015/texmf-dist/tex/latex/base/size10.clo
File: size10.clo 2014/09/29 v1.4h Standard LaTeX file (size option)
)
\c@part=\count79
\c@section=\count80
\c@subsection=\count81
\c@subsubsection=\count82
\c@paragraph=\count83
\c@subparagraph=\count84
\c@figure=\count85
\c@table=\count86
\abovecaptionskip=\skip41
\belowcaptionskip=\skip42
\bibindent=\dimen102
)
(/usr/local/texlive/2015/texmf-dist/tex/latex/base/fontenc.sty
Package: fontenc 2005/09/27 v1.99g Standard LaTeX package

(/usr/local/texlive/2015/texmf-dist/tex/latex/base/t1enc.def
File: t1enc.def 2005/09/27 v1.99g Standard LaTeX file
LaTeX Font Info:    Redeclaring font encoding T1 on input line 48.
))
(/usr/local/texlive/2015/texmf-dist/tex/latex/base/inputenc.sty
Package: inputenc 2015/03/17 v1.2c Input encoding file
\inpenc@prehook=\toks14
\inpenc@posthook=\toks15

(/usr/local/texlive/2015/texmf-dist/tex/latex/base/latin9.def
File: latin9.def 2015/03/17 v1.2c Input encoding file
))
(/usr/local/texlive/2015/texmf-dist/tex/latex/amsfonts/amssymb.sty
Package: amssymb 2013/01/14 v3.01 AMS font symbols

(/usr/local/texlive/2015/texmf-dist/tex/latex/amsfonts/amsfonts.sty
Package: amsfonts 2013/01/14 v3.01 Basic AMSFonts support
\@emptytoks=\toks16
\symAMSa=\mathgroup4
\symAMSb=\mathgroup5
LaTeX Font Info:    Overwriting math alphabet `\mathfrak' in version `bold'
(Font)                  U/euf/m/n --> U/euf/b/n on input line 106.
))
(/usr/local/texlive/2015/texmf-dist/tex/latex/graphics/graphicx.sty
Package: graphicx 2014/10/28 v1.0g Enhanced LaTeX Graphics (DPC,SPQR)

(/usr/local/texlive/2015/texmf-dist/tex/latex/graphics/keyval.sty
Package: keyval 2014/10/28 v1.15 key=value parser (DPC)
\KV@toks@=\toks17
)
(/usr/local/texlive/2015/texmf-dist/tex/latex/graphics/graphics.sty
Package: graphics 2014/10/28 v1.0p Standard LaTeX Graphics (DPC,SPQR)

(/usr/local/texlive/2015/texmf-dist/tex/latex/graphics/trig.sty
Package: trig 1999/03/16 v1.09 sin cos tan (DPC)
)
(/usr/local/texlive/2015/texmf-dist/tex/latex/latexconfig/graphics.cfg
File: graphics.cfg 2010/04/23 v1.9 graphics configuration of TeX Live
)
Package graphics Info: Driver file: pdftex.def on input line 94.

(/usr/local/texlive/2015/texmf-dist/tex/latex/pdftex-def/pdftex.def
File: pdftex.def 2011/05/27 v0.06d Graphics/color for pdfTeX

(/usr/local/texlive/2015/texmf-dist/tex/generic/oberdiek/infwarerr.sty
Package: infwarerr 2010/04/08 v1.3 Providing info/warning/error messages (HO)
)
(/usr/local/texlive/2015/texmf-dist/tex/generic/oberdiek/ltxcmds.sty
Package: ltxcmds 2011/11/09 v1.22 LaTeX kernel commands for general use (HO)
)
\Gread@gobject=\count87
))
\Gin@req@height=\dimen103
\Gin@req@width=\dimen104
)
(/usr/local/texlive/2015/texmf-dist/tex/latex/esint/esint.sty
Package: esint 
\symlargesymbolsA=\mathgroup6
)
(/usr/local/texlive/2015/texmf-dist/tex/generic/babel/babel.sty
Package: babel 2014/09/25 3.9l The Babel package

(/usr/local/texlive/2015/texmf-dist/tex/generic/babel-english/english.ldf
Language: english 2012/08/20 v3.3p English support from the babel system

(/usr/local/texlive/2015/texmf-dist/tex/generic/babel/babel.def
File: babel.def 2014/09/25 3.9l Babel common definitions
\babel@savecnt=\count88
\U@D=\dimen105
)
\l@canadian = a dialect from \language\l@american 
\l@australian = a dialect from \language\l@british 
\l@newzealand = a dialect from \language\l@british 
))
(./report_summer_2017.aux)
\openout1 = `report_summer_2017.aux'.

LaTeX Font Info:    Checking defaults for OML/cmm/m/it on input line 10.
LaTeX Font Info:    ... okay on input line 10.
LaTeX Font Info:    Checking defaults for T1/cmr/m/n on input line 10.
LaTeX Font Info:    ... okay on input line 10.
LaTeX Font Info:    Checking defaults for OT1/cmr/m/n on input line 10.
LaTeX Font Info:    ... okay on input line 10.
LaTeX Font Info:    Checking defaults for OMS/cmsy/m/n on input line 10.
LaTeX Font Info:    ... okay on input line 10.
LaTeX Font Info:    Checking defaults for OMX/cmex/m/n on input line 10.
LaTeX Font Info:    ... okay on input line 10.
LaTeX Font Info:    Checking defaults for U/cmr/m/n on input line 10.
LaTeX Font Info:    ... okay on input line 10.

(/usr/local/texlive/2015/texmf-dist/tex/context/base/supp-pdf.mkii
[Loading MPS to PDF converter (version 2006.09.02).]
\scratchcounter=\count89
\scratchdimen=\dimen106
\scratchbox=\box26
\nofMPsegments=\count90
\nofMParguments=\count91
\everyMPshowfont=\toks18
\MPscratchCnt=\count92
\MPscratchDim=\dimen107
\MPnumerator=\count93
\makeMPintoPDFobject=\count94
\everyMPtoPDFconversion=\toks19
) (/usr/local/texlive/2015/texmf-dist/tex/generic/oberdiek/pdftexcmds.sty
Package: pdftexcmds 2011/11/29 v0.20 Utility functions of pdfTeX for LuaTeX (HO
)

(/usr/local/texlive/2015/texmf-dist/tex/generic/oberdiek/ifluatex.sty
Package: ifluatex 2010/03/01 v1.3 Provides the ifluatex switch (HO)
Package ifluatex Info: LuaTeX not detected.
)
(/usr/local/texlive/2015/texmf-dist/tex/generic/oberdiek/ifpdf.sty
Package: ifpdf 2011/01/30 v2.3 Provides the ifpdf switch (HO)
Package ifpdf Info: pdfTeX in PDF mode is detected.
)
Package pdftexcmds Info: LuaTeX not detected.
Package pdftexcmds Info: \pdf@primitive is available.
Package pdftexcmds Info: \pdf@ifprimitive is available.
Package pdftexcmds Info: \pdfdraftmode found.
)
(/usr/local/texlive/2015/texmf-dist/tex/latex/oberdiek/epstopdf-base.sty
Package: epstopdf-base 2010/02/09 v2.5 Base part for package epstopdf

(/usr/local/texlive/2015/texmf-dist/tex/latex/oberdiek/grfext.sty
Package: grfext 2010/08/19 v1.1 Manage graphics extensions (HO)

(/usr/local/texlive/2015/texmf-dist/tex/generic/oberdiek/kvdefinekeys.sty
Package: kvdefinekeys 2011/04/07 v1.3 Define keys (HO)
))
(/usr/local/texlive/2015/texmf-dist/tex/latex/oberdiek/kvoptions.sty
Package: kvoptions 2011/06/30 v3.11 Key value format for package options (HO)

(/usr/local/texlive/2015/texmf-dist/tex/generic/oberdiek/kvsetkeys.sty
Package: kvsetkeys 2012/04/25 v1.16 Key value parser (HO)

(/usr/local/texlive/2015/texmf-dist/tex/generic/oberdiek/etexcmds.sty
Package: etexcmds 2011/02/16 v1.5 Avoid name clashes with e-TeX commands (HO)
Package etexcmds Info: Could not find \expanded.
(etexcmds)             That can mean that you are not using pdfTeX 1.50 or
(etexcmds)             that some package has redefined \expanded.
(etexcmds)             In the latter case, load this package earlier.
)))
Package grfext Info: Graphics extension search list:
(grfext)             [.png,.pdf,.jpg,.mps,.jpeg,.jbig2,.jb2,.PNG,.PDF,.JPG,.JPE
G,.JBIG2,.JB2,.eps]
(grfext)             \AppendGraphicsExtensions on input line 452.

(/usr/local/texlive/2015/texmf-dist/tex/latex/latexconfig/epstopdf-sys.cfg
File: epstopdf-sys.cfg 2010/07/13 v1.3 Configuration of (r)epstopdf for TeX Liv
e
))
LaTeX Font Info:    Try loading font information for U+msa on input line 14.

(/usr/local/texlive/2015/texmf-dist/tex/latex/amsfonts/umsa.fd
File: umsa.fd 2013/01/14 v3.01 AMS symbols A
)
LaTeX Font Info:    Try loading font information for U+msb on input line 14.

(/usr/local/texlive/2015/texmf-dist/tex/latex/amsfonts/umsb.fd
File: umsb.fd 2013/01/14 v3.01 AMS symbols B
)
LaTeX Font Info:    Try loading font information for U+esint on input line 14.

(/usr/local/texlive/2015/texmf-dist/tex/latex/esint/uesint.fd
File: uesint.fd 
)

LaTeX Warning: No \author given.


LaTeX Warning: Citation `Chen:2017:DNC:3072959.3073669' on page 1 undefined on 
input line 20.


LaTeX Warning: Citation `Chen:2017:DNC:3072959.3073669' on page 1 undefined on 
input line 33.


LaTeX Warning: Citation `doi:10.1063/1.475324' on page 1 undefined on input lin
e 37.

[1

{/usr/local/texlive/2015/texmf-var/fonts/map/pdftex/updmap/pdftex.map}]

LaTeX Warning: Citation `Persson:2004aa' on page 2 undefined on input line 81.

<report_images/polygon.png, id=19, 1495.5875pt x 715.67375pt>
File: report_images/polygon.png Graphic file (type png)

<use report_images/polygon.png>
Package pdftex.def Info: report_images/polygon.png used on input line 97.
(pdftex.def)             Requested size: 299.1122pt x 143.1322pt.


LaTeX Warning: Citation `Persson:2004aa' on page 2 undefined on input line 99.

<report_images/polygon_coarse.png, id=21, 737.75626pt x 553.06625pt>
File: report_images/polygon_coarse.png Graphic file (type png)

<use report_images/polygon_coarse.png>
Package pdftex.def Info: report_images/polygon_coarse.png used on input line 10
4.
(pdftex.def)             Requested size: 258.21855pt x 193.57608pt.

<report_images/polygon_fine.png, id=22, 737.75626pt x 553.06625pt>
File: report_images/polygon_fine.png Graphic file (type png)

<use report_images/polygon_fine.png>
Package pdftex.def Info: report_images/polygon_fine.png used on input line 111.

(pdftex.def)             Requested size: 258.21855pt x 193.57608pt.

<report_images/polygon_coarse_firstmode.png, id=23, 1495.5875pt x 1107.13625pt>
File: report_images/polygon_coarse_firstmode.png Graphic file (type png)
<use report_images/polygon_coarse_firstmode.png>
Package pdftex.def Info: report_images/polygon_coarse_firstmode.png used on inp
ut line 118.
(pdftex.def)             Requested size: 299.1122pt x 221.42332pt.

<report_images/polygon_fine_firstmode.png, id=24, 1495.5875pt x 1107.13625pt>
File: report_images/polygon_fine_firstmode.png Graphic file (type png)

<use report_images/polygon_fine_firstmode.png>
Package pdftex.def Info: report_images/polygon_fine_firstmode.png used on input
 line 124.
(pdftex.def)             Requested size: 299.1122pt x 221.42332pt.


LaTeX Warning: Citation `Ciarlet:1968:NMH:2716620.2716941' on page 2 undefined 
on input line 134.

[2] [3 <./report_images/polygon.png> <./report_images/polygon_coarse.png>]
[4 <./report_images/polygon_fine.png> <./report_images/polygon_coarse_firstmode
.png>] [5 <./report_images/polygon_fine_firstmode.png>]

LaTeX Warning: Citation `Ciarlet:1968:NMH:2716620.2716941' on page 6 undefined 
on input line 210.

<../1Dwave/FD_1D.jpg, id=47, 1124.2pt x 843.15pt>
File: ../1Dwave/FD_1D.jpg Graphic file (type jpg)
 <use ../1Dwave/FD_1D.jpg>
Package pdftex.def Info: ../1Dwave/FD_1D.jpg used on input line 215.
(pdftex.def)             Requested size: 337.2626pt x 252.94695pt.

[6] [7 <../1Dwave/FD_1D.jpg>]
<../1Dwave/FE_1D.jpg, id=58, 1124.2pt x 843.15pt>
File: ../1Dwave/FE_1D.jpg Graphic file (type jpg)
 <use ../1Dwave/FE_1D.jpg>
Package pdftex.def Info: ../1Dwave/FE_1D.jpg used on input line 277.
(pdftex.def)             Requested size: 337.2626pt x 252.94695pt.


LaTeX Warning: Citation `Chen:2017:DNC:3072959.3073669' on page 8 undefined on 
input line 301.


LaTeX Warning: Citation `Chen:2017:DNC:3072959.3073669' on page 8 undefined on 
input line 304.

[8] [9 <../1Dwave/FE_1D.jpg>]
<../1Dwave/FE_1D_fix.jpg, id=65, 1124.2pt x 843.15pt>
File: ../1Dwave/FE_1D_fix.jpg Graphic file (type jpg)

<use ../1Dwave/FE_1D_fix.jpg>
Package pdftex.def Info: ../1Dwave/FE_1D_fix.jpg used on input line 309.
(pdftex.def)             Requested size: 337.2626pt x 252.94695pt.

<../1Dwave/FE_1D_2nd_fix_wrong.jpg, id=66, 1124.2pt x 843.15pt>
File: ../1Dwave/FE_1D_2nd_fix_wrong.jpg Graphic file (type jpg)

<use ../1Dwave/FE_1D_2nd_fix_wrong.jpg>
Package pdftex.def Info: ../1Dwave/FE_1D_2nd_fix_wrong.jpg used on input line 3
22.
(pdftex.def)             Requested size: 337.2626pt x 252.94695pt.

<report_images/static_tri_single.png, id=67, 562.2606pt x 421.575pt>
File: report_images/static_tri_single.png Graphic file (type png)

<use report_images/static_tri_single.png>
Package pdftex.def Info: report_images/static_tri_single.png used on input line
 332.
(pdftex.def)             Requested size: 337.35896pt x 252.94695pt.

<report_images/static_tri_fine_mesh.png, id=68, 562.2606pt x 421.575pt>
File: report_images/static_tri_fine_mesh.png Graphic file (type png)

<use report_images/static_tri_fine_mesh.png>
Package pdftex.def Info: report_images/static_tri_fine_mesh.png used on input l
ine 339.
(pdftex.def)             Requested size: 337.35896pt x 252.94695pt.
 [10 <../1Dwave/FE_1D_fix.jpg>]
[11 <../1Dwave/FE_1D_2nd_fix_wrong.jpg>] [12 <./report_images/static_tri_single
.png (PNG copy)>] [13 <./report_images/static_tri_fine_mesh.png (PNG copy)>]
LaTeX Font Info:    Try loading font information for OMS+cmr on input line 367.


(/usr/local/texlive/2015/texmf-dist/tex/latex/base/omscmr.fd
File: omscmr.fd 2014/09/29 v2.5h Standard LaTeX font definitions
)
LaTeX Font Info:    Font shape `OMS/cmr/m/n' in size <10> not available
(Font)              Font shape `OMS/cmsy/m/n' tried instead on input line 367.


LaTeX Warning: Citation `kaufmann2009flexible' on page 14 undefined on input li
ne 375.

No file report_summer_2017.bbl.
[14] (./report_summer_2017.aux)

LaTeX Warning: There were undefined references.

 ) 
Here is how much of TeX's memory you used:
 2611 strings out of 493089
 35898 string characters out of 6134842
 97480 words of memory out of 5000000
 6026 multiletter control sequences out of 15000+600000
 19687 words of font info for 60 fonts, out of 8000000 for 9000
 1141 hyphenation exceptions out of 8191
 38i,14n,26p,248b,251s stack positions out of 5000i,500n,10000p,200000b,80000s
{/usr/local/texlive/2015/texmf-dist/fonts/enc/dvips/cm-super/cm-super-t1.enc}
</usr/local/texlive/2015/texmf-dist/fonts/type1/public/amsfonts/cm/cmbx10.pfb><
/usr/local/texlive/2015/texmf-dist/fonts/type1/public/amsfonts/cm/cmex10.pfb></
usr/local/texlive/2015/texmf-dist/fonts/type1/public/amsfonts/cm/cmmi10.pfb></u
sr/local/texlive/2015/texmf-dist/fonts/type1/public/amsfonts/cm/cmmi5.pfb></usr
/local/texlive/2015/texmf-dist/fonts/type1/public/amsfonts/cm/cmmi7.pfb></usr/l
ocal/texlive/2015/texmf-dist/fonts/type1/public/amsfonts/cm/cmmi8.pfb></usr/loc
al/texlive/2015/texmf-dist/fonts/type1/public/amsfonts/cm/cmr10.pfb></usr/local
/texlive/2015/texmf-dist/fonts/type1/public/amsfonts/cm/cmr5.pfb></usr/local/te
xlive/2015/texmf-dist/fonts/type1/public/amsfonts/cm/cmr7.pfb></usr/local/texli
ve/2015/texmf-dist/fonts/type1/public/amsfonts/cm/cmsy10.pfb></usr/local/texliv
e/2015/texmf-dist/fonts/type1/public/amsfonts/cm/cmsy7.pfb></usr/local/texlive/
2015/texmf-dist/fonts/type1/public/esint-type1/esint10.pfb></usr/local/texlive/
2015/texmf-dist/fonts/type1/public/amsfonts/symbols/msbm10.pfb></usr/local/texl
ive/2015/texmf-dist/fonts/type1/public/cm-super/sfbx1000.pfb></usr/local/texliv
e/2015/texmf-dist/fonts/type1/public/cm-super/sfbx1200.pfb></usr/local/texlive/
2015/texmf-dist/fonts/type1/public/cm-super/sfbx1440.pfb></usr/local/texlive/20
15/texmf-dist/fonts/type1/public/cm-super/sfrm0600.pfb></usr/local/texlive/2015
/texmf-dist/fonts/type1/public/cm-super/sfrm0700.pfb></usr/local/texlive/2015/t
exmf-dist/fonts/type1/public/cm-super/sfrm0800.pfb></usr/local/texlive/2015/tex
mf-dist/fonts/type1/public/cm-super/sfrm1000.pfb></usr/local/texlive/2015/texmf
-dist/fonts/type1/public/cm-super/sfrm1200.pfb></usr/local/texlive/2015/texmf-d
ist/fonts/type1/public/cm-super/sfrm1728.pfb></usr/local/texlive/2015/texmf-dis
t/fonts/type1/public/cm-super/sfti1000.pfb>
Output written on report_summer_2017.pdf (14 pages, 1583526 bytes).
PDF statistics:
 161 PDF objects out of 1000 (max. 8388607)
 104 compressed objects within 2 object streams
 0 named destinations out of 1000 (max. 500000)
 56 words of extra memory for PDF output out of 10000 (max. 10000000)

